<?xml version="1.0" encoding="UTF-8"?>
<testsuite xmlns:xsi="http://www.w3.org/2001/XMLSchema-instance" xsi:noNamespaceSchemaLocation="https://maven.apache.org/surefire/maven-surefire-plugin/xsd/surefire-test-report.xsd" name="testesGramatica.testeGramatica" time="0.119" tests="1" errors="0" skipped="0" failures="0">
  <properties>
    <property name="java.specification.version" value="19"/>
    <property name="sun.cpu.isalist" value="amd64"/>
    <property name="sun.jnu.encoding" value="Cp1252"/>
    <property name="java.class.path" value="C:\Users\mauricio.rodrigues\OneDrive - NDD.Tech\Documentos\NetBeansProjects\JavaANTLR\target\test-classes;C:\Users\mauricio.rodrigues\OneDrive - NDD.Tech\Documentos\NetBeansProjects\JavaANTLR\target\classes;C:\Users\mauricio.rodrigues\.m2\repository\org\antlr\antlr4\4.12.0\antlr4-4.12.0.jar;C:\Users\mauricio.rodrigues\.m2\repository\org\antlr\antlr-runtime\3.5.3\antlr-runtime-3.5.3.jar;C:\Users\mauricio.rodrigues\.m2\repository\org\antlr\ST4\4.3.4\ST4-4.3.4.jar;C:\Users\mauricio.rodrigues\.m2\repository\org\abego\treelayout\org.abego.treelayout.core\1.0.3\org.abego.treelayout.core-1.0.3.jar;C:\Users\mauricio.rodrigues\.m2\repository\com\ibm\icu\icu4j\71.1\icu4j-71.1.jar;C:\Users\mauricio.rodrigues\.m2\repository\org\antlr\antlr4-runtime\4.12.0\antlr4-runtime-4.12.0.jar;C:\Users\mauricio.rodrigues\.m2\repository\org\junit\jupiter\junit-jupiter-api\5.6.0\junit-jupiter-api-5.6.0.jar;C:\Users\mauricio.rodrigues\.m2\repository\org\apiguardian\apiguardian-api\1.1.0\apiguardian-api-1.1.0.jar;C:\Users\mauricio.rodrigues\.m2\repository\org\opentest4j\opentest4j\1.2.0\opentest4j-1.2.0.jar;C:\Users\mauricio.rodrigues\.m2\repository\org\junit\platform\junit-platform-commons\1.6.0\junit-platform-commons-1.6.0.jar;C:\Users\mauricio.rodrigues\.m2\repository\org\junit\jupiter\junit-jupiter-params\5.6.0\junit-jupiter-params-5.6.0.jar;C:\Users\mauricio.rodrigues\.m2\repository\org\junit\jupiter\junit-jupiter-engine\5.6.0\junit-jupiter-engine-5.6.0.jar;C:\Users\mauricio.rodrigues\.m2\repository\org\junit\platform\junit-platform-engine\1.6.0\junit-platform-engine-1.6.0.jar;"/>
    <property name="java.vm.vendor" value="Oracle Corporation"/>
    <property name="sun.arch.data.model" value="64"/>
    <property name="user.variant" value=""/>
    <property name="java.vendor.url" value="https://java.oracle.com/"/>
    <property name="user.timezone" value="America/Sao_Paulo"/>
    <property name="os.name" value="Windows 11"/>
    <property name="java.vm.specification.version" value="19"/>
    <property name="user.country" value="BR"/>
    <property name="sun.java.launcher" value="SUN_STANDARD"/>
    <property name="sun.boot.library.path" value="C:\Program Files\Java\jdk-19\bin"/>
    <property name="sun.java.command" value="C:\Users\MAURIC~1.ROD\AppData\Local\Temp\surefire6203463622246573429\surefirebooter15588077946041822707.jar C:\Users\mauricio.rodrigues\AppData\Local\Temp\surefire6203463622246573429 2023-04-12T20-21-55_614-jvmRun1 surefire4395427884614099766tmp surefire_010982816724643490626tmp"/>
    <property name="jdk.debug" value="release"/>
    <property name="test" value="testesGramatica.testeGramatica#testaExemploSlide_1"/>
    <property name="surefire.test.class.path" value="C:\Users\mauricio.rodrigues\OneDrive - NDD.Tech\Documentos\NetBeansProjects\JavaANTLR\target\test-classes;C:\Users\mauricio.rodrigues\OneDrive - NDD.Tech\Documentos\NetBeansProjects\JavaANTLR\target\classes;C:\Users\mauricio.rodrigues\.m2\repository\org\antlr\antlr4\4.12.0\antlr4-4.12.0.jar;C:\Users\mauricio.rodrigues\.m2\repository\org\antlr\antlr-runtime\3.5.3\antlr-runtime-3.5.3.jar;C:\Users\mauricio.rodrigues\.m2\repository\org\antlr\ST4\4.3.4\ST4-4.3.4.jar;C:\Users\mauricio.rodrigues\.m2\repository\org\abego\treelayout\org.abego.treelayout.core\1.0.3\org.abego.treelayout.core-1.0.3.jar;C:\Users\mauricio.rodrigues\.m2\repository\com\ibm\icu\icu4j\71.1\icu4j-71.1.jar;C:\Users\mauricio.rodrigues\.m2\repository\org\antlr\antlr4-runtime\4.12.0\antlr4-runtime-4.12.0.jar;C:\Users\mauricio.rodrigues\.m2\repository\org\junit\jupiter\junit-jupiter-api\5.6.0\junit-jupiter-api-5.6.0.jar;C:\Users\mauricio.rodrigues\.m2\repository\org\apiguardian\apiguardian-api\1.1.0\apiguardian-api-1.1.0.jar;C:\Users\mauricio.rodrigues\.m2\repository\org\opentest4j\opentest4j\1.2.0\opentest4j-1.2.0.jar;C:\Users\mauricio.rodrigues\.m2\repository\org\junit\platform\junit-platform-commons\1.6.0\junit-platform-commons-1.6.0.jar;C:\Users\mauricio.rodrigues\.m2\repository\org\junit\jupiter\junit-jupiter-params\5.6.0\junit-jupiter-params-5.6.0.jar;C:\Users\mauricio.rodrigues\.m2\repository\org\junit\jupiter\junit-jupiter-engine\5.6.0\junit-jupiter-engine-5.6.0.jar;C:\Users\mauricio.rodrigues\.m2\repository\org\junit\platform\junit-platform-engine\1.6.0\junit-platform-engine-1.6.0.jar;"/>
    <property name="sun.cpu.endian" value="little"/>
    <property name="user.home" value="C:\Users\mauricio.rodrigues"/>
    <property name="user.language" value="pt"/>
    <property name="java.specification.vendor" value="Oracle Corporation"/>
    <property name="java.version.date" value="2023-01-17"/>
    <property name="java.home" value="C:\Program Files\Java\jdk-19"/>
    <property name="file.separator" value="\"/>
    <property name="basedir" value="C:\Users\mauricio.rodrigues\OneDrive - NDD.Tech\Documentos\NetBeansProjects\JavaANTLR"/>
    <property name="java.vm.compressedOopsMode" value="32-bit"/>
    <property name="line.separator" value="&#10;"/>
    <property name="java.vm.specification.vendor" value="Oracle Corporation"/>
    <property name="java.specification.name" value="Java Platform API Specification"/>
    <property name="surefire.real.class.path" value="C:\Users\MAURIC~1.ROD\AppData\Local\Temp\surefire6203463622246573429\surefirebooter15588077946041822707.jar"/>
    <property name="user.script" value=""/>
    <property name="sun.management.compiler" value="HotSpot 64-Bit Tiered Compilers"/>
    <property name="java.runtime.version" value="19.0.2+7-44"/>
    <property name="user.name" value="mauricio.rodrigues"/>
    <property name="stdout.encoding" value="Cp1252"/>
    <property name="path.separator" value=";"/>
    <property name="os.version" value="10.0"/>
    <property name="java.runtime.name" value="Java(TM) SE Runtime Environment"/>
    <property name="file.encoding" value="UTF-8"/>
    <property name="java.vm.name" value="Java HotSpot(TM) 64-Bit Server VM"/>
    <property name="maven.ext.class.path" value="C:\Program Files\NetBeans-16\netbeans\java\maven-nblib\netbeans-eventspy.jar"/>
    <property name="localRepository" value="C:\Users\mauricio.rodrigues\.m2\repository"/>
    <property name="java.vendor.url.bug" value="https://bugreport.java.com/bugreport/"/>
    <property name="java.io.tmpdir" value="C:\Users\MAURIC~1.ROD\AppData\Local\Temp\"/>
    <property name="java.version" value="19.0.2"/>
    <property name="user.dir" value="C:\Users\mauricio.rodrigues\OneDrive - NDD.Tech\Documentos\NetBeansProjects\JavaANTLR"/>
    <property name="os.arch" value="amd64"/>
    <property name="java.vm.specification.name" value="Java Virtual Machine Specification"/>
    <property name="sun.os.patch.level" value=""/>
    <property name="native.encoding" value="Cp1252"/>
    <property name="java.library.path" value="C:\Program Files\Java\jdk-19\bin;C:\Windows\Sun\Java\bin;C:\Windows\system32;C:\Windows;C:\Program Files\Microsoft MPI\Bin\;C:\Program Files\Common Files\Oracle\Java\javapath;C:\Windows\system32;C:\Windows;C:\Windows\System32\Wbem;C:\Windows\System32\WindowsPowerShell\v1.0\;C:\Windows\System32\OpenSSH\;C:\Program Files (x86)\Microsoft SQL Server\160\DTS\Binn\;C:\Program Files\Azure Data Studio\bin;C:\MinGW\bin;C:\Program Files\Microsoft SQL Server\150\Tools\Binn\;C:\Program Files\Microsoft SQL Server\Client SDK\ODBC\170\Tools\Binn\;C:\Program Files\dotnet\;C:\Program Files (x86)\Microsoft SQL Server\160\Tools\Binn\;C:\Program Files\Microsoft SQL Server\160\Tools\Binn\;C:\Program Files\Microsoft SQL Server\160\DTS\Binn\;C:\Users\Administrador\AppData\Roaming\nvm;C:\Program Files\nodejs;C:\Program Files\Docker\Docker\resources\bin;C:\GnuWin32\bin;C:\GnuWin32\share\bison\m4sugar;C:\MinGW\bin;C:\javacc-6.0.1\bin;C:\ANTLR\antlr4\bin;C:\Users\mauricio.rodrigues\AppData\Local\Microsoft\WindowsApps;C:\Users\mauricio.rodrigues\AppData\Local\Programs\Microsoft VS Code\bin;C:\Users\mauricio.rodrigues\AppData\Local\Programs\Git\cmd;C:\Users\mauricio.rodrigues\AppData\Local\GitHubDesktop\bin;C:\Users\mauricio.rodrigues\.dotnet\tools;."/>
    <property name="java.vm.info" value="mixed mode, sharing"/>
    <property name="stderr.encoding" value="Cp1252"/>
    <property name="java.vendor" value="Oracle Corporation"/>
    <property name="java.vm.version" value="19.0.2+7-44"/>
    <property name="sun.io.unicode.encoding" value="UnicodeLittle"/>
    <property name="java.class.version" value="63.0"/>
  </properties>
  <testcase name="testaExemploSlide_1" classname="testesGramatica.testeGramatica" time="0.106"/>
</testsuite>